# JRE version: OpenJDK Runtime Environment (8.0_181-b02) (build 1.8.0_181-b02)
# Java VM: OpenJDK 64-Bit Server VM (25.181-b02 mixed mode linux-amd64 compressed oops)
Heap:
 PSYoungGen      total 183808K, used 135370K [0x00000000f0000000, 0x0000000100000000, 0x0000000100000000)
  eden space 105984K, 89% used [0x00000000f0000000,0x00000000f5c5ed50,0x00000000f6780000)
  from space 77824K, 52% used [0x00000000f6780000,0x00000000f8f53dc0,0x00000000fb380000)
  to   space 74240K, 0% used [0x00000000fb780000,0x00000000fb780000,0x0000000100000000)
 ParOldGen       total 524288K, used 97195K [0x00000000d0000000, 0x00000000f0000000, 0x00000000f0000000)
  object space 524288K, 18% used [0x00000000d0000000,0x00000000d5eeae58,0x00000000f0000000)
 Metaspace       used 81634K, capacity 87102K, committed 87208K, reserved 1126400K
  class space    used 9220K, capacity 10581K, committed 10664K, reserved 1048576K
GC Heap History (10 events):
Event: 2184.351 GC heap before
{Heap before GC invocations=34 (full 3):
 PSYoungGen      total 184320K, used 168144K [0x00000000f0000000, 0x0000000100000000, 0x0000000100000000)
  eden space 114688K, 100% used [0x00000000f0000000,0x00000000f7000000,0x00000000f7000000)
  from space 69632K, 76% used [0x00000000fbc00000,0x00000000ff034148,0x0000000100000000)
  to   space 73728K, 0% used [0x00000000f7000000,0x00000000f7000000,0x00000000fb800000)
 ParOldGen       total 524288K, used 79680K [0x00000000d0000000, 0x00000000f0000000, 0x00000000f0000000)
  object space 524288K, 15% used [0x00000000d0000000,0x00000000d4dd0090,0x00000000f0000000)
 Metaspace       used 79332K, capacity 83838K, committed 83880K, reserved 1122304K
  class space    used 8936K, capacity 10130K, committed 10152K, reserved 1048576K
Event: 2184.412 GC heap after
Heap after GC invocations=34 (full 3):
 PSYoungGen      total 168448K, used 54691K [0x00000000f0000000, 0x0000000100000000, 0x0000000100000000)
  eden space 113664K, 0% used [0x00000000f0000000,0x00000000f0000000,0x00000000f6f00000)
  from space 54784K, 99% used [0x00000000f7000000,0x00000000fa568e00,0x00000000fa580000)
  to   space 76800K, 0% used [0x00000000fb500000,0x00000000fb500000,0x0000000100000000)
 ParOldGen       total 524288K, used 79688K [0x00000000d0000000, 0x00000000f0000000, 0x00000000f0000000)
  object space 524288K, 15% used [0x00000000d0000000,0x00000000d4dd2090,0x00000000f0000000)
 Metaspace       used 79332K, capacity 83838K, committed 83880K, reserved 1122304K
  class space    used 8936K, capacity 10130K, committed 10152K, reserved 1048576K
}
Event: 2220.333 GC heap before
{Heap before GC invocations=35 (full 3):
 PSYoungGen      total 168448K, used 168355K [0x00000000f0000000, 0x0000000100000000, 0x0000000100000000)
  eden space 113664K, 100% used [0x00000000f0000000,0x00000000f6f00000,0x00000000f6f00000)
  from space 54784K, 99% used [0x00000000f7000000,0x00000000fa568e00,0x00000000fa580000)
  to   space 76800K, 0% used [0x00000000fb500000,0x00000000fb500000,0x0000000100000000)
 ParOldGen       total 524288K, used 79688K [0x00000000d0000000, 0x00000000f0000000, 0x00000000f0000000)
  object space 524288K, 15% used [0x00000000d0000000,0x00000000d4dd2090,0x00000000f0000000)
 Metaspace       used 79562K, capacity 84234K, committed 84520K, reserved 1124352K
  class space    used 8986K, capacity 10222K, committed 10280K, reserved 1048576K
Event: 2220.404 GC heap after
Heap after GC invocations=35 (full 3):
 PSYoungGen      total 182272K, used 51092K [0x00000000f0000000, 0x0000000100000000, 0x0000000100000000)
  eden space 105472K, 0% used [0x00000000f0000000,0x00000000f0000000,0x00000000f6700000)
  from space 76800K, 66% used [0x00000000fb500000,0x00000000fe6e5120,0x0000000100000000)
  to   space 78336K, 0% used [0x00000000f6700000,0x00000000f6700000,0x00000000fb380000)
 ParOldGen       total 524288K, used 84857K [0x00000000d0000000, 0x00000000f0000000, 0x00000000f0000000)
  object space 524288K, 16% used [0x00000000d0000000,0x00000000d52de508,0x00000000f0000000)
 Metaspace       used 79562K, capacity 84234K, committed 84520K, reserved 1124352K
  class space    used 8986K, capacity 10222K, committed 10280K, reserved 1048576K
}
Event: 2276.305 GC heap before
{Heap before GC invocations=36 (full 3):
 PSYoungGen      total 182272K, used 156564K [0x00000000f0000000, 0x0000000100000000, 0x0000000100000000)
  eden space 105472K, 100% used [0x00000000f0000000,0x00000000f6700000,0x00000000f6700000)
  from space 76800K, 66% used [0x00000000fb500000,0x00000000fe6e5120,0x0000000100000000)
  to   space 78336K, 0% used [0x00000000f6700000,0x00000000f6700000,0x00000000fb380000)
 ParOldGen       total 524288K, used 84857K [0x00000000d0000000, 0x00000000f0000000, 0x00000000f0000000)
  object space 524288K, 16% used [0x00000000d0000000,0x00000000d52de508,0x00000000f0000000)
 Metaspace       used 80036K, capacity 84762K, committed 84776K, reserved 1124352K
  class space    used 9050K, capacity 10273K, committed 10280K, reserved 1048576K
Event: 2276.363 GC heap after
Heap after GC invocations=36 (full 3):
 PSYoungGen      total 183808K, used 50069K [0x00000000f0000000, 0x0000000100000000, 0x0000000100000000)
  eden space 105472K, 0% used [0x00000000f0000000,0x00000000f0000000,0x00000000f6700000)
  from space 78336K, 63% used [0x00000000f6700000,0x00000000f97e5728,0x00000000fb380000)
  to   space 78336K, 0% used [0x00000000fb380000,0x00000000fb380000,0x0000000100000000)
 ParOldGen       total 524288K, used 88520K [0x00000000d0000000, 0x00000000f0000000, 0x00000000f0000000)
  object space 524288K, 16% used [0x00000000d0000000,0x00000000d56723d8,0x00000000f0000000)
 Metaspace       used 80036K, capacity 84762K, committed 84776K, reserved 1124352K
  class space    used 9050K, capacity 10273K, committed 10280K, reserved 1048576K
}
Event: 2893.480 GC heap before
{Heap before GC invocations=37 (full 3):
 PSYoungGen      total 183808K, used 155541K [0x00000000f0000000, 0x0000000100000000, 0x0000000100000000)
  eden space 105472K, 100% used [0x00000000f0000000,0x00000000f6700000,0x00000000f6700000)
  from space 78336K, 63% used [0x00000000f6700000,0x00000000f97e5728,0x00000000fb380000)
  to   space 78336K, 0% used [0x00000000fb380000,0x00000000fb380000,0x0000000100000000)
 ParOldGen       total 524288K, used 88520K [0x00000000d0000000, 0x00000000f0000000, 0x00000000f0000000)
  object space 524288K, 16% used [0x00000000d0000000,0x00000000d56723d8,0x00000000f0000000)
 Metaspace       used 80495K, capacity 85298K, committed 85416K, reserved 1124352K
  class space    used 9116K, capacity 10373K, committed 10408K, reserved 1048576K
Event: 2893.525 GC heap after
Heap after GC invocations=37 (full 3):
 PSYoungGen      total 184320K, used 47581K [0x00000000f0000000, 0x0000000100000000, 0x0000000100000000)
  eden space 105984K, 0% used [0x00000000f0000000,0x00000000f0000000,0x00000000f6780000)
  from space 78336K, 60% used [0x00000000fb380000,0x00000000fe1f7708,0x0000000100000000)
  to   space 77824K, 0% used [0x00000000f6780000,0x00000000f6780000,0x00000000fb380000)
 ParOldGen       total 524288K, used 92781K [0x00000000d0000000, 0x00000000f0000000, 0x00000000f0000000)
  object space 524288K, 17% used [0x00000000d0000000,0x00000000d5a9b418,0x00000000f0000000)
 Metaspace       used 80495K, capacity 85298K, committed 85416K, reserved 1124352K
  class space    used 9116K, capacity 10373K, committed 10408K, reserved 1048576K
}
Event: 3522.148 GC heap before
{Heap before GC invocations=38 (full 3):
 PSYoungGen      total 184320K, used 153565K [0x00000000f0000000, 0x0000000100000000, 0x0000000100000000)
  eden space 105984K, 100% used [0x00000000f0000000,0x00000000f6780000,0x00000000f6780000)
  from space 78336K, 60% used [0x00000000fb380000,0x00000000fe1f7708,0x0000000100000000)
  to   space 77824K, 0% used [0x00000000f6780000,0x00000000f6780000,0x00000000fb380000)
 ParOldGen       total 524288K, used 92781K [0x00000000d0000000, 0x00000000f0000000, 0x00000000f0000000)
  object space 524288K, 17% used [0x00000000d0000000,0x00000000d5a9b418,0x00000000f0000000)
 Metaspace       used 81206K, capacity 86560K, committed 86824K, reserved 1126400K
  class space    used 9187K, capacity 10516K, committed 10536K, reserved 1048576K
Event: 3522.210 GC heap after
Heap after GC invocations=38 (full 3):
 PSYoungGen      total 183808K, used 40783K [0x00000000f0000000, 0x0000000100000000, 0x0000000100000000)
  eden space 105984K, 0% used [0x00000000f0000000,0x00000000f0000000,0x00000000f6780000)
  from space 77824K, 52% used [0x00000000f6780000,0x00000000f8f53dc0,0x00000000fb380000)
  to   space 74240K, 0% used [0x00000000fb780000,0x00000000fb780000,0x0000000100000000)
 ParOldGen       total 524288K, used 97195K [0x00000000d0000000, 0x00000000f0000000, 0x00000000f0000000)
  object space 524288K, 18% used [0x00000000d0000000,0x00000000d5eeae58,0x00000000f0000000)
 Metaspace       used 81206K, capacity 86560K, committed 86824K, reserved 1126400K
  class space    used 9187K, capacity 10516K, committed 10536K, reserved 1048576K
}

