# JRE version: OpenJDK Runtime Environment (8.0_181-b02) (build 1.8.0_181-b02)
# Java VM: OpenJDK 64-Bit Server VM (25.181-b02 mixed mode linux-amd64 compressed oops)
Heap:
 PSYoungGen      total 217600K, used 67423K [0x00000000f0000000, 0x0000000100000000, 0x0000000100000000)
  eden space 171008K, 29% used [0x00000000f0000000,0x00000000f310bcb0,0x00000000fa700000)
  from space 46592K, 36% used [0x00000000fd280000,0x00000000fe34c2f0,0x0000000100000000)
  to   space 44544K, 0% used [0x00000000fa700000,0x00000000fa700000,0x00000000fd280000)
 ParOldGen       total 524288K, used 126616K [0x00000000d0000000, 0x00000000f0000000, 0x00000000f0000000)
  object space 524288K, 24% used [0x00000000d0000000,0x00000000d7ba60d0,0x00000000f0000000)
 Metaspace       used 87599K, capacity 95186K, committed 95528K, reserved 1134592K
  class space    used 9622K, capacity 10944K, committed 11048K, reserved 1048576K
GC Heap History (10 events):
Event: 10091.398 GC heap before
{Heap before GC invocations=49 (full 3):
 PSYoungGen      total 205312K, used 170260K [0x00000000f0000000, 0x0000000100000000, 0x0000000100000000)
  eden space 148992K, 100% used [0x00000000f0000000,0x00000000f9180000,0x00000000f9180000)
  from space 56320K, 37% used [0x00000000f9180000,0x00000000fa645150,0x00000000fc880000)
  to   space 53760K, 0% used [0x00000000fcb80000,0x00000000fcb80000,0x0000000100000000)
 ParOldGen       total 524288K, used 120058K [0x00000000d0000000, 0x00000000f0000000, 0x00000000f0000000)
  object space 524288K, 22% used [0x00000000d0000000,0x00000000d753e928,0x00000000f0000000)
 Metaspace       used 86368K, capacity 92980K, committed 93224K, reserved 1132544K
  class space    used 9471K, capacity 10669K, committed 10792K, reserved 1048576K
Event: 10091.421 GC heap after
Heap after GC invocations=49 (full 3):
 PSYoungGen      total 211456K, used 21913K [0x00000000f0000000, 0x0000000100000000, 0x0000000100000000)
  eden space 157696K, 0% used [0x00000000f0000000,0x00000000f0000000,0x00000000f9a00000)
  from space 53760K, 40% used [0x00000000fcb80000,0x00000000fe0e64a8,0x0000000100000000)
  to   space 50688K, 0% used [0x00000000f9a00000,0x00000000f9a00000,0x00000000fcb80000)
 ParOldGen       total 524288K, used 120146K [0x00000000d0000000, 0x00000000f0000000, 0x00000000f0000000)
  object space 524288K, 22% used [0x00000000d0000000,0x00000000d7554928,0x00000000f0000000)
 Metaspace       used 86368K, capacity 92980K, committed 93224K, reserved 1132544K
  class space    used 9471K, capacity 10669K, committed 10792K, reserved 1048576K
}
Event: 10276.336 GC heap before
{Heap before GC invocations=50 (full 3):
 PSYoungGen      total 211456K, used 179609K [0x00000000f0000000, 0x0000000100000000, 0x0000000100000000)
  eden space 157696K, 100% used [0x00000000f0000000,0x00000000f9a00000,0x00000000f9a00000)
  from space 53760K, 40% used [0x00000000fcb80000,0x00000000fe0e64a8,0x0000000100000000)
  to   space 50688K, 0% used [0x00000000f9a00000,0x00000000f9a00000,0x00000000fcb80000)
 ParOldGen       total 524288K, used 120146K [0x00000000d0000000, 0x00000000f0000000, 0x00000000f0000000)
  object space 524288K, 22% used [0x00000000d0000000,0x00000000d7554928,0x00000000f0000000)
 Metaspace       used 86589K, capacity 93490K, committed 93736K, reserved 1132544K
  class space    used 9506K, capacity 10710K, committed 10792K, reserved 1048576K
Event: 10276.357 GC heap after
Heap after GC invocations=50 (full 3):
 PSYoungGen      total 208384K, used 18441K [0x00000000f0000000, 0x0000000100000000, 0x0000000100000000)
  eden space 157696K, 0% used [0x00000000f0000000,0x00000000f0000000,0x00000000f9a00000)
  from space 50688K, 36% used [0x00000000f9a00000,0x00000000fac02498,0x00000000fcb80000)
  to   space 49152K, 0% used [0x00000000fd000000,0x00000000fd000000,0x0000000100000000)
 ParOldGen       total 524288K, used 121824K [0x00000000d0000000, 0x00000000f0000000, 0x00000000f0000000)
  object space 524288K, 23% used [0x00000000d0000000,0x00000000d76f80a0,0x00000000f0000000)
 Metaspace       used 86589K, capacity 93490K, committed 93736K, reserved 1132544K
  class space    used 9506K, capacity 10710K, committed 10792K, reserved 1048576K
}
Event: 10401.136 GC heap before
{Heap before GC invocations=51 (full 3):
 PSYoungGen      total 208384K, used 176137K [0x00000000f0000000, 0x0000000100000000, 0x0000000100000000)
  eden space 157696K, 100% used [0x00000000f0000000,0x00000000f9a00000,0x00000000f9a00000)
  from space 50688K, 36% used [0x00000000f9a00000,0x00000000fac02498,0x00000000fcb80000)
  to   space 49152K, 0% used [0x00000000fd000000,0x00000000fd000000,0x0000000100000000)
 ParOldGen       total 524288K, used 121824K [0x00000000d0000000, 0x00000000f0000000, 0x00000000f0000000)
  object space 524288K, 23% used [0x00000000d0000000,0x00000000d76f80a0,0x00000000f0000000)
 Metaspace       used 86807K, capacity 93990K, committed 94248K, reserved 1132544K
  class space    used 9547K, capacity 10760K, committed 10792K, reserved 1048576K
Event: 10401.159 GC heap after
Heap after GC invocations=51 (full 3):
 PSYoungGen      total 214528K, used 15152K [0x00000000f0000000, 0x0000000100000000, 0x0000000100000000)
  eden space 165376K, 0% used [0x00000000f0000000,0x00000000f0000000,0x00000000fa180000)
  from space 49152K, 30% used [0x00000000fd000000,0x00000000fdecc2f0,0x0000000100000000)
  to   space 47616K, 0% used [0x00000000fa180000,0x00000000fa180000,0x00000000fd000000)
 ParOldGen       total 524288K, used 126000K [0x00000000d0000000, 0x00000000f0000000, 0x00000000f0000000)
  object space 524288K, 24% used [0x00000000d0000000,0x00000000d7b0c0d0,0x00000000f0000000)
 Metaspace       used 86807K, capacity 93990K, committed 94248K, reserved 1132544K
  class space    used 9547K, capacity 10760K, committed 10792K, reserved 1048576K
}
Event: 10520.676 GC heap before
{Heap before GC invocations=52 (full 3):
 PSYoungGen      total 214528K, used 180528K [0x00000000f0000000, 0x0000000100000000, 0x0000000100000000)
  eden space 165376K, 100% used [0x00000000f0000000,0x00000000fa180000,0x00000000fa180000)
  from space 49152K, 30% used [0x00000000fd000000,0x00000000fdecc2f0,0x0000000100000000)
  to   space 47616K, 0% used [0x00000000fa180000,0x00000000fa180000,0x00000000fd000000)
 ParOldGen       total 524288K, used 126000K [0x00000000d0000000, 0x00000000f0000000, 0x00000000f0000000)
  object space 524288K, 24% used [0x00000000d0000000,0x00000000d7b0c0d0,0x00000000f0000000)
 Metaspace       used 87094K, capacity 94378K, committed 94504K, reserved 1132544K
  class space    used 9569K, capacity 10790K, committed 10792K, reserved 1048576K
Event: 10520.699 GC heap after
Heap after GC invocations=52 (full 3):
 PSYoungGen      total 212992K, used 15545K [0x00000000f0000000, 0x0000000100000000, 0x0000000100000000)
  eden space 165376K, 0% used [0x00000000f0000000,0x00000000f0000000,0x00000000fa180000)
  from space 47616K, 32% used [0x00000000fa180000,0x00000000fb0ae4a8,0x00000000fd000000)
  to   space 46592K, 0% used [0x00000000fd280000,0x00000000fd280000,0x0000000100000000)
 ParOldGen       total 524288K, used 126512K [0x00000000d0000000, 0x00000000f0000000, 0x00000000f0000000)
  object space 524288K, 24% used [0x00000000d0000000,0x00000000d7b8c0d0,0x00000000f0000000)
 Metaspace       used 87094K, capacity 94378K, committed 94504K, reserved 1132544K
  class space    used 9569K, capacity 10790K, committed 10792K, reserved 1048576K
}
Event: 11399.534 GC heap before
{Heap before GC invocations=53 (full 3):
 PSYoungGen      total 212992K, used 180921K [0x00000000f0000000, 0x0000000100000000, 0x0000000100000000)
  eden space 165376K, 100% used [0x00000000f0000000,0x00000000fa180000,0x00000000fa180000)
  from space 47616K, 32% used [0x00000000fa180000,0x00000000fb0ae4a8,0x00000000fd000000)
  to   space 46592K, 0% used [0x00000000fd280000,0x00000000fd280000,0x0000000100000000)
 ParOldGen       total 524288K, used 126512K [0x00000000d0000000, 0x00000000f0000000, 0x00000000f0000000)
  object space 524288K, 24% used [0x00000000d0000000,0x00000000d7b8c0d0,0x00000000f0000000)
 Metaspace       used 87587K, capacity 95186K, committed 95528K, reserved 1134592K
  class space    used 9622K, capacity 10944K, committed 11048K, reserved 1048576K
Event: 11399.571 GC heap after
Heap after GC invocations=53 (full 3):
 PSYoungGen      total 217600K, used 17200K [0x00000000f0000000, 0x0000000100000000, 0x0000000100000000)
  eden space 171008K, 0% used [0x00000000f0000000,0x00000000f0000000,0x00000000fa700000)
  from space 46592K, 36% used [0x00000000fd280000,0x00000000fe34c2f0,0x0000000100000000)
  to   space 44544K, 0% used [0x00000000fa700000,0x00000000fa700000,0x00000000fd280000)
 ParOldGen       total 524288K, used 126616K [0x00000000d0000000, 0x00000000f0000000, 0x00000000f0000000)
  object space 524288K, 24% used [0x00000000d0000000,0x00000000d7ba60d0,0x00000000f0000000)
 Metaspace       used 87587K, capacity 95186K, committed 95528K, reserved 1134592K
  class space    used 9622K, capacity 10944K, committed 11048K, reserved 1048576K
}

