# JRE version: OpenJDK Runtime Environment (8.0_181-b02) (build 1.8.0_181-b02)
# Java VM: OpenJDK 64-Bit Server VM (25.181-b02 mixed mode linux-amd64 compressed oops)
Heap:
 PSYoungGen      total 204288K, used 93095K [0x00000000f0000000, 0x0000000100000000, 0x0000000100000000)
  eden space 157696K, 30% used [0x00000000f0000000,0x00000000f2f69230,0x00000000f9a00000)
  from space 46592K, 95% used [0x00000000fd280000,0x00000000ffe00bb8,0x0000000100000000)
  to   space 52224K, 0% used [0x00000000f9a00000,0x00000000f9a00000,0x00000000fcd00000)
 ParOldGen       total 524288K, used 91241K [0x00000000d0000000, 0x00000000f0000000, 0x00000000f0000000)
  object space 524288K, 17% used [0x00000000d0000000,0x00000000d591a5d8,0x00000000f0000000)
 Metaspace       used 77418K, capacity 81222K, committed 81320K, reserved 1120256K
  class space    used 8813K, capacity 9805K, committed 9896K, reserved 1048576K
GC Heap History (10 events):
Event: 31.435 GC heap before
{Heap before GC invocations=27 (full 3):
 PSYoungGen      total 227328K, used 227039K [0x00000000f0000000, 0x0000000100000000, 0x0000000100000000)
  eden space 193536K, 100% used [0x00000000f0000000,0x00000000fbd00000,0x00000000fbd00000)
  from space 33792K, 99% used [0x00000000fbd00000,0x00000000fddb7f00,0x00000000fde00000)
  to   space 34816K, 0% used [0x00000000fde00000,0x00000000fde00000,0x0000000100000000)
 ParOldGen       total 524288K, used 79699K [0x00000000d0000000, 0x00000000f0000000, 0x00000000f0000000)
  object space 524288K, 15% used [0x00000000d0000000,0x00000000d4dd4dc8,0x00000000f0000000)
 Metaspace       used 72472K, capacity 74418K, committed 74792K, reserved 1116160K
  class space    used 8085K, capacity 8649K, committed 8744K, reserved 1048576K
Event: 31.479 GC heap after
Heap after GC invocations=27 (full 3):
 PSYoungGen      total 210944K, used 34813K [0x00000000f0000000, 0x0000000100000000, 0x0000000100000000)
  eden space 176128K, 0% used [0x00000000f0000000,0x00000000f0000000,0x00000000fac00000)
  from space 34816K, 99% used [0x00000000fde00000,0x00000000fffff7d0,0x0000000100000000)
  to   space 43008K, 0% used [0x00000000fac00000,0x00000000fac00000,0x00000000fd600000)
 ParOldGen       total 524288K, used 80400K [0x00000000d0000000, 0x00000000f0000000, 0x00000000f0000000)
  object space 524288K, 15% used [0x00000000d0000000,0x00000000d4e840a8,0x00000000f0000000)
 Metaspace       used 72472K, capacity 74418K, committed 74792K, reserved 1116160K
  class space    used 8085K, capacity 8649K, committed 8744K, reserved 1048576K
}
Event: 36.004 GC heap before
{Heap before GC invocations=28 (full 3):
 PSYoungGen      total 210944K, used 210941K [0x00000000f0000000, 0x0000000100000000, 0x0000000100000000)
  eden space 176128K, 100% used [0x00000000f0000000,0x00000000fac00000,0x00000000fac00000)
  from space 34816K, 99% used [0x00000000fde00000,0x00000000fffff7d0,0x0000000100000000)
  to   space 43008K, 0% used [0x00000000fac00000,0x00000000fac00000,0x00000000fd600000)
 ParOldGen       total 524288K, used 80400K [0x00000000d0000000, 0x00000000f0000000, 0x00000000f0000000)
  object space 524288K, 15% used [0x00000000d0000000,0x00000000d4e840a8,0x00000000f0000000)
 Metaspace       used 73739K, capacity 76360K, committed 76456K, reserved 1116160K
  class space    used 8339K, capacity 9100K, committed 9128K, reserved 1048576K
Event: 36.091 GC heap after
Heap after GC invocations=28 (full 3):
 PSYoungGen      total 204800K, used 28496K [0x00000000f0000000, 0x0000000100000000, 0x0000000100000000)
  eden space 176128K, 0% used [0x00000000f0000000,0x00000000f0000000,0x00000000fac00000)
  from space 28672K, 99% used [0x00000000fac00000,0x00000000fc7d4280,0x00000000fc800000)
  to   space 43520K, 0% used [0x00000000fd580000,0x00000000fd580000,0x0000000100000000)
 ParOldGen       total 524288K, used 91217K [0x00000000d0000000, 0x00000000f0000000, 0x00000000f0000000)
  object space 524288K, 17% used [0x00000000d0000000,0x00000000d59145d8,0x00000000f0000000)
 Metaspace       used 73739K, capacity 76360K, committed 76456K, reserved 1116160K
  class space    used 8339K, capacity 9100K, committed 9128K, reserved 1048576K
}
Event: 39.126 GC heap before
{Heap before GC invocations=29 (full 3):
 PSYoungGen      total 204800K, used 204624K [0x00000000f0000000, 0x0000000100000000, 0x0000000100000000)
  eden space 176128K, 100% used [0x00000000f0000000,0x00000000fac00000,0x00000000fac00000)
  from space 28672K, 99% used [0x00000000fac00000,0x00000000fc7d4280,0x00000000fc800000)
  to   space 43520K, 0% used [0x00000000fd580000,0x00000000fd580000,0x0000000100000000)
 ParOldGen       total 524288K, used 91217K [0x00000000d0000000, 0x00000000f0000000, 0x00000000f0000000)
  object space 524288K, 17% used [0x00000000d0000000,0x00000000d59145d8,0x00000000f0000000)
 Metaspace       used 74427K, capacity 77462K, committed 77736K, reserved 1118208K
  class space    used 8423K, capacity 9268K, committed 9384K, reserved 1048576K
Event: 39.169 GC heap after
Heap after GC invocations=29 (full 3):
 PSYoungGen      total 216576K, used 30736K [0x00000000f0000000, 0x0000000100000000, 0x0000000100000000)
  eden space 173056K, 0% used [0x00000000f0000000,0x00000000f0000000,0x00000000fa900000)
  from space 43520K, 70% used [0x00000000fd580000,0x00000000ff3840e0,0x0000000100000000)
  to   space 44544K, 0% used [0x00000000fa900000,0x00000000fa900000,0x00000000fd480000)
 ParOldGen       total 524288K, used 91225K [0x00000000d0000000, 0x00000000f0000000, 0x00000000f0000000)
  object space 524288K, 17% used [0x00000000d0000000,0x00000000d59165d8,0x00000000f0000000)
 Metaspace       used 74427K, capacity 77462K, committed 77736K, reserved 1118208K
  class space    used 8423K, capacity 9268K, committed 9384K, reserved 1048576K
}
Event: 44.481 GC heap before
{Heap before GC invocations=30 (full 3):
 PSYoungGen      total 216576K, used 203792K [0x00000000f0000000, 0x0000000100000000, 0x0000000100000000)
  eden space 173056K, 100% used [0x00000000f0000000,0x00000000fa900000,0x00000000fa900000)
  from space 43520K, 70% used [0x00000000fd580000,0x00000000ff3840e0,0x0000000100000000)
  to   space 44544K, 0% used [0x00000000fa900000,0x00000000fa900000,0x00000000fd480000)
 ParOldGen       total 524288K, used 91225K [0x00000000d0000000, 0x00000000f0000000, 0x00000000f0000000)
  object space 524288K, 17% used [0x00000000d0000000,0x00000000d59165d8,0x00000000f0000000)
 Metaspace       used 75131K, capacity 78562K, committed 78632K, reserved 1118208K
  class space    used 8535K, capacity 9443K, committed 9512K, reserved 1048576K
Event: 44.525 GC heap after
Heap after GC invocations=30 (full 3):
 PSYoungGen      total 206848K, used 33376K [0x00000000f0000000, 0x0000000100000000, 0x0000000100000000)
  eden space 173056K, 0% used [0x00000000f0000000,0x00000000f0000000,0x00000000fa900000)
  from space 33792K, 98% used [0x00000000fa900000,0x00000000fc9980f0,0x00000000fca00000)
  to   space 46592K, 0% used [0x00000000fd280000,0x00000000fd280000,0x0000000100000000)
 ParOldGen       total 524288K, used 91233K [0x00000000d0000000, 0x00000000f0000000, 0x00000000f0000000)
  object space 524288K, 17% used [0x00000000d0000000,0x00000000d59185d8,0x00000000f0000000)
 Metaspace       used 75131K, capacity 78562K, committed 78632K, reserved 1118208K
  class space    used 8535K, capacity 9443K, committed 9512K, reserved 1048576K
}
Event: 522.207 GC heap before
{Heap before GC invocations=31 (full 3):
 PSYoungGen      total 206848K, used 206432K [0x00000000f0000000, 0x0000000100000000, 0x0000000100000000)
  eden space 173056K, 100% used [0x00000000f0000000,0x00000000fa900000,0x00000000fa900000)
  from space 33792K, 98% used [0x00000000fa900000,0x00000000fc9980f0,0x00000000fca00000)
  to   space 46592K, 0% used [0x00000000fd280000,0x00000000fd280000,0x0000000100000000)
 ParOldGen       total 524288K, used 91233K [0x00000000d0000000, 0x00000000f0000000, 0x00000000f0000000)
  object space 524288K, 17% used [0x00000000d0000000,0x00000000d59185d8,0x00000000f0000000)
 Metaspace       used 76784K, capacity 80490K, committed 80680K, reserved 1120256K
  class space    used 8744K, capacity 9705K, committed 9768K, reserved 1048576K
Event: 522.263 GC heap after
Heap after GC invocations=31 (full 3):
 PSYoungGen      total 204288K, used 44546K [0x00000000f0000000, 0x0000000100000000, 0x0000000100000000)
  eden space 157696K, 0% used [0x00000000f0000000,0x00000000f0000000,0x00000000f9a00000)
  from space 46592K, 95% used [0x00000000fd280000,0x00000000ffe00bb8,0x0000000100000000)
  to   space 52224K, 0% used [0x00000000f9a00000,0x00000000f9a00000,0x00000000fcd00000)
 ParOldGen       total 524288K, used 91241K [0x00000000d0000000, 0x00000000f0000000, 0x00000000f0000000)
  object space 524288K, 17% used [0x00000000d0000000,0x00000000d591a5d8,0x00000000f0000000)
 Metaspace       used 76784K, capacity 80490K, committed 80680K, reserved 1120256K
  class space    used 8744K, capacity 9705K, committed 9768K, reserved 1048576K
}

